<?xml version="1.0" encoding="UTF-8"?>
<!-- Generated by org.testng.reporters.JUnitXMLReporter -->
<testsuite ignored="0" hostname="DESKTOP-MP8N8LH" failures="0" tests="14" name="Default test" time="645.526" errors="0" timestamp="2026-05-16T14:32:51 IST">
  <testcase classname="com.sauce.tests.LoginTest" name="verifyLoginPageLoadsSuccessfully" time="1.278"/>
  <testcase classname="com.sauce.tests.LoginTest" name="verifyValidLogin" time="8.758"/>
  <testcase classname="com.sauce.tests.LoginTest" name="verifyInvalidCredentials" time="0.758"/>
  <testcase classname="com.sauce.tests.LoginTest" name="verifyInvalidPassword" time="0.452"/>
  <testcase classname="com.sauce.tests.LoginTest" name="verifyInvalidUsername" time="3.142"/>
  <testcase classname="com.sauce.tests.LoginTest" name="verifyLoginWithEmptyFields" time="1.441"/>
  <testcase classname="com.sauce.tests.LoginTest" name="verifyPasswordFieldMasked" time="1.706"/>
  <testcase classname="com.sauce.tests.LoginTest" name="verifyTextboxFunctionality" time="0.373"/>
  <testcase classname="com.sauce.tests.LoginTest" name="verifyEmptyUsername" time="1.89"/>
  <testcase classname="com.sauce.tests.LoginTest" name="verifyEmptyPassword" time="35.603"/>
  <testcase classname="com.sauce.tests.LoginTest" name="verifyLockedUserLogin" time="2.577"/>
  <testcase classname="com.sauce.tests.LoginTest" name="verifyLoginUsingEnterKey" time="2.615"/>
  <testcase classname="com.sauce.tests.LoginTest" name="verifyLoginWithSpecialCharacters" time="1.49"/>
  <testcase classname="com.sauce.tests.LoginTest" name="verifyLoginWithSQLInjection" time="4.075"/>
</testsuite> <!-- Default test -->
