<?xml version="1.0" encoding="UTF-8"?>
<!-- Generated by org.testng.reporters.JUnitReportReporter -->
<testsuite hostname="DESKTOP-MP8N8LH" failures="0" tests="14" name="com.sauce.tests.LoginTest" time="645.390" errors="0" timestamp="2026-05-16T14:32:53 IST" skipped="0">
  <testcase classname="com.sauce.tests.LoginTest" name="verifyLoginPageLoadsSuccessfully" time="90.813"/>
  <testcase classname="com.sauce.tests.LoginTest" name="verifyValidLogin" time="70.666"/>
  <testcase classname="com.sauce.tests.LoginTest" name="verifyInvalidCredentials" time="28.694"/>
  <testcase classname="com.sauce.tests.LoginTest" name="verifyInvalidPassword" time="15.088"/>
  <testcase classname="com.sauce.tests.LoginTest" name="verifyInvalidUsername" time="74.835"/>
  <testcase classname="com.sauce.tests.LoginTest" name="verifyLoginWithEmptyFields" time="54.978"/>
  <testcase classname="com.sauce.tests.LoginTest" name="verifyPasswordFieldMasked" time="19.312"/>
  <testcase classname="com.sauce.tests.LoginTest" name="verifyTextboxFunctionality" time="14.449"/>
  <testcase classname="com.sauce.tests.LoginTest" name="verifyEmptyUsername" time="17.592"/>
  <testcase classname="com.sauce.tests.LoginTest" name="verifyEmptyPassword" time="71.533"/>
  <testcase classname="com.sauce.tests.LoginTest" name="verifyLockedUserLogin" time="60.546"/>
  <testcase classname="com.sauce.tests.LoginTest" name="verifyLoginUsingEnterKey" time="29.506"/>
  <testcase classname="com.sauce.tests.LoginTest" name="verifyLoginWithSpecialCharacters" time="30.115"/>
  <testcase classname="com.sauce.tests.LoginTest" name="verifyLoginWithSQLInjection" time="67.263"/>
</testsuite> <!-- com.sauce.tests.LoginTest -->
