<?xml version="1.0" encoding="UTF-8"?>
<!-- Generated by org.testng.reporters.JUnitReportReporter -->
<testsuite hostname="DESKTOP-MP8N8LH" failures="0" tests="21" name="com.sauce.tests.ProductTest" time="604.911" errors="1" timestamp="2026-05-16T13:50:00 IST" skipped="20">
  <testcase classname="com.sauce.tests.ProductTest" name="setup" time="138.643">
    <error message="Could not start a new session. Response code 500. Message: session not created
from chrome not reachable 
Host info: host: &#039;DESKTOP-MP8N8LH&#039;, ip: &#039;10.44.123.139&#039;
Build info: version: &#039;4.40.0&#039;, revision: &#039;b3333f1&#039;
System info: os.name: &#039;Windows 10&#039;, os.arch: &#039;amd64&#039;, os.version: &#039;10.0&#039;, java.version: &#039;17.0.12&#039;
Driver info: org.openqa.selenium.chrome.ChromeDriver
Command: [null, newSession {capabilities=[Capabilities {browserName: chrome, goog:chromeOptions: {args: [], extensions: []}}]}]" type="org.openqa.selenium.SessionNotCreatedException">
      <![CDATA[org.openqa.selenium.SessionNotCreatedException: Could not start a new session. Response code 500. Message: session not created
from chrome not reachable 
Host info: host: 'DESKTOP-MP8N8LH', ip: '10.44.123.139'
Build info: version: '4.40.0', revision: 'b3333f1'
System info: os.name: 'Windows 10', os.arch: 'amd64', os.version: '10.0', java.version: '17.0.12'
Driver info: org.openqa.selenium.chrome.ChromeDriver
Command: [null, newSession {capabilities=[Capabilities {browserName: chrome, goog:chromeOptions: {args: [], extensions: []}}]}]
at org.openqa.selenium.remote.ProtocolHandshake.createSession(ProtocolHandshake.java:114)
at org.openqa.selenium.remote.ProtocolHandshake.createSession(ProtocolHandshake.java:75)
at org.openqa.selenium.remote.ProtocolHandshake.createSession(ProtocolHandshake.java:61)
at org.openqa.selenium.remote.HttpCommandExecutor.execute(HttpCommandExecutor.java:195)
at org.openqa.selenium.remote.service.DriverCommandExecutor.invokeExecute(DriverCommandExecutor.java:216)
at org.openqa.selenium.remote.service.DriverCommandExecutor.execute(DriverCommandExecutor.java:174)
at org.openqa.selenium.remote.RemoteWebDriver.execute(RemoteWebDriver.java:601)
at org.openqa.selenium.remote.RemoteWebDriver.startSession(RemoteWebDriver.java:286)
at org.openqa.selenium.remote.RemoteWebDriver.<init>(RemoteWebDriver.java:209)
at org.openqa.selenium.chromium.ChromiumDriver.<init>(ChromiumDriver.java:115)
at org.openqa.selenium.chrome.ChromeDriver.<init>(ChromeDriver.java:92)
at org.openqa.selenium.chrome.ChromeDriver.<init>(ChromeDriver.java:87)
at org.openqa.selenium.chrome.ChromeDriver.<init>(ChromeDriver.java:51)
at com.sauce.base.BaseTest.launchBrowser(BaseTest.java:24)
at com.sauce.tests.ProductTest.setup(ProductTest.java:28)
at java.base/jdk.internal.reflect.NativeMethodAccessorImpl.invoke0(Native Method)
at java.base/jdk.internal.reflect.NativeMethodAccessorImpl.invoke(NativeMethodAccessorImpl.java:77)
at java.base/jdk.internal.reflect.DelegatingMethodAccessorImpl.invoke(DelegatingMethodAccessorImpl.java:43)
at java.base/java.lang.reflect.Method.invoke(Method.java:568)
at org.testng.internal.invokers.MethodInvocationHelper.invokeMethod(MethodInvocationHelper.java:139)
at org.testng.internal.invokers.MethodInvocationHelper.invokeMethodConsideringTimeout(MethodInvocationHelper.java:69)
at org.testng.internal.invokers.ConfigInvoker.invokeConfigurationMethod(ConfigInvoker.java:393)
at org.testng.internal.invokers.ConfigInvoker.invokeConfigurations(ConfigInvoker.java:326)
at org.testng.internal.invokers.TestInvoker.runConfigMethods(TestInvoker.java:810)
at org.testng.internal.invokers.TestInvoker.invokeMethod(TestInvoker.java:578)
at org.testng.internal.invokers.TestInvoker.invokeTestMethod(TestInvoker.java:228)
at org.testng.internal.invokers.MethodRunner.runInSequence(MethodRunner.java:63)
at org.testng.internal.invokers.TestInvoker$MethodInvocationAgent.invoke(TestInvoker.java:961)
at org.testng.internal.invokers.TestInvoker.invokeTestMethods(TestInvoker.java:201)
at org.testng.internal.invokers.TestMethodWorker.invokeTestMethods(TestMethodWorker.java:148)
at org.testng.internal.invokers.TestMethodWorker.run(TestMethodWorker.java:128)
at java.base/java.util.ArrayList.forEach(ArrayList.java:1511)
at org.testng.TestRunner.privateRun(TestRunner.java:819)
at org.testng.TestRunner.run(TestRunner.java:619)
at org.testng.SuiteRunner.runTest(SuiteRunner.java:443)
at org.testng.SuiteRunner.runSequentially(SuiteRunner.java:437)
at org.testng.SuiteRunner.privateRun(SuiteRunner.java:397)
at org.testng.SuiteRunner.run(SuiteRunner.java:336)
at org.testng.SuiteRunnerWorker.runSuite(SuiteRunnerWorker.java:52)
at org.testng.SuiteRunnerWorker.run(SuiteRunnerWorker.java:95)
at org.testng.TestNG.runSuitesSequentially(TestNG.java:1301)
at org.testng.TestNG.runSuitesLocally(TestNG.java:1228)
at org.testng.TestNG.runSuites(TestNG.java:1134)
at org.testng.TestNG.run(TestNG.java:1101)
at org.testng.remote.AbstractRemoteTestNG.run(AbstractRemoteTestNG.java:115)
at org.testng.remote.RemoteTestNG.initAndRun(RemoteTestNG.java:293)
at org.testng.remote.RemoteTestNG.main(RemoteTestNG.java:91)
]]>
    </error>
  </testcase> <!-- setup -->
  <testcase classname="com.sauce.tests.ProductTest" name="verifyProductListingPage" time="24.451">
    <skipped/>
  </testcase> <!-- verifyProductListingPage -->
  <testcase classname="com.sauce.tests.ProductTest" name="verifyProductNameDisplayed" time="12.988">
    <skipped/>
  </testcase> <!-- verifyProductNameDisplayed -->
  <testcase classname="com.sauce.tests.ProductTest" name="verifyProductDescriptionDisplayed" time="15.381">
    <skipped/>
  </testcase> <!-- verifyProductDescriptionDisplayed -->
  <testcase classname="com.sauce.tests.ProductTest" name="verifyProductPriceDisplayed" time="19.480">
    <skipped/>
  </testcase> <!-- verifyProductPriceDisplayed -->
  <testcase classname="com.sauce.tests.ProductTest" name="verifyProductImageDisplayed" time="13.041">
    <skipped/>
  </testcase> <!-- verifyProductImageDisplayed -->
  <testcase classname="com.sauce.tests.ProductTest" name="verifyHamburgerMenu" time="15.421">
    <skipped/>
  </testcase> <!-- verifyHamburgerMenu -->
  <testcase classname="com.sauce.tests.ProductTest" name="verifyAllItemsOption" time="19.417">
    <skipped/>
  </testcase> <!-- verifyAllItemsOption -->
  <testcase classname="com.sauce.tests.ProductTest" name="verifyAboutLink" time="15.360">
    <skipped/>
  </testcase> <!-- verifyAboutLink -->
  <testcase classname="com.sauce.tests.ProductTest" name="verifyLogoutFunctionality" time="21.269">
    <skipped/>
  </testcase> <!-- verifyLogoutFunctionality -->
  <testcase classname="com.sauce.tests.ProductTest" name="verifyResetAppState" time="70.174">
    <skipped/>
  </testcase> <!-- verifyResetAppState -->
  <testcase classname="com.sauce.tests.ProductTest" name="verifyCartIcon" time="23.081">
    <skipped/>
  </testcase> <!-- verifyCartIcon -->
  <testcase classname="com.sauce.tests.ProductTest" name="verifyProductDetailsPage" time="20.114">
    <skipped/>
  </testcase> <!-- verifyProductDetailsPage -->
  <testcase classname="com.sauce.tests.ProductTest" name="verifyAddToCart" time="20.041">
    <skipped/>
  </testcase> <!-- verifyAddToCart -->
  <testcase classname="com.sauce.tests.ProductTest" name="verifyRemoveProduct" time="19.172">
    <skipped/>
  </testcase> <!-- verifyRemoveProduct -->
  <testcase classname="com.sauce.tests.ProductTest" name="verifySortAToZ" time="82.191">
    <skipped/>
  </testcase> <!-- verifySortAToZ -->
  <testcase classname="com.sauce.tests.ProductTest" name="verifySortZToA" time="38.615">
    <skipped/>
  </testcase> <!-- verifySortZToA -->
  <testcase classname="com.sauce.tests.ProductTest" name="verifyPriceLowToHigh" time="16.563">
    <skipped/>
  </testcase> <!-- verifyPriceLowToHigh -->
  <testcase classname="com.sauce.tests.ProductTest" name="verifyPriceHighToLow" time="17.698">
    <skipped/>
  </testcase> <!-- verifyPriceHighToLow -->
  <testcase classname="com.sauce.tests.ProductTest" name="verifySessionActivity" time="1.811">
    <skipped/>
  </testcase> <!-- verifySessionActivity -->
  <testcase classname="com.sauce.tests.ProductTest" name="verifyQuantityFunctionality" time="0.000">
    <skipped/>
  </testcase> <!-- verifyQuantityFunctionality -->
</testsuite> <!-- com.sauce.tests.ProductTest -->
