<?xml version="1.0" encoding="UTF-8"?>
<!-- Generated by org.testng.reporters.JUnitReportReporter -->
<testsuite hostname="DESKTOP-MP8N8LH" failures="1" tests="15" name="com.sauce.tests.CheckoutTest" time="634.698" errors="0" timestamp="2026-05-16T13:25:36 IST" skipped="0">
  <testcase classname="com.sauce.tests.CheckoutTest" name="verifyCheckoutButton" time="48.052"/>
  <testcase classname="com.sauce.tests.CheckoutTest" name="verifyCheckoutWithEmptyCart" time="125.372"/>
  <testcase classname="com.sauce.tests.CheckoutTest" name="verifyCheckoutWithValidDetails" time="33.518"/>
  <testcase classname="com.sauce.tests.CheckoutTest" name="verifyEmptyFirstName" time="32.482"/>
  <testcase classname="com.sauce.tests.CheckoutTest" name="verifyEmptyLastName" time="42.682"/>
  <testcase classname="com.sauce.tests.CheckoutTest" name="verifyEmptyZipCode" time="26.461"/>
  <testcase classname="com.sauce.tests.CheckoutTest" name="verifyCheckoutOverviewProduct" time="27.707"/>
  <testcase classname="com.sauce.tests.CheckoutTest" name="verifyPaymentInformation" time="19.462"/>
  <testcase classname="com.sauce.tests.CheckoutTest" name="verifyShippingInformation" time="78.404"/>
  <testcase classname="com.sauce.tests.CheckoutTest" name="verifyTotalCalculation" time="23.991"/>
  <testcase classname="com.sauce.tests.CheckoutTest" name="verifyFinishButton" time="27.329"/>
  <testcase classname="com.sauce.tests.CheckoutTest" name="verifyOrderConfirmationMessage" time="23.922"/>
  <testcase classname="com.sauce.tests.CheckoutTest" name="verifyBackHomeButton" time="60.966"/>
  <testcase classname="com.sauce.tests.CheckoutTest" name="verifyCancelButtonFromCheckoutInformation" time="43.975"/>
  <testcase classname="com.sauce.tests.CheckoutTest" name="verifyCancelButtonFromCheckoutOverview" time="20.375">
    <failure message="expected [true] but found [false]" type="java.lang.AssertionError">
      <![CDATA[java.lang.AssertionError: expected [true] but found [false]
at org.testng.Assert.fail(Assert.java:111)
at org.testng.Assert.failNotEquals(Assert.java:1578)
at org.testng.Assert.assertTrue(Assert.java:57)
at org.testng.Assert.assertTrue(Assert.java:67)
at com.sauce.tests.CheckoutTest.verifyCancelButtonFromCheckoutOverview(CheckoutTest.java:389)
at java.base/jdk.internal.reflect.NativeMethodAccessorImpl.invoke0(Native Method)
at java.base/jdk.internal.reflect.NativeMethodAccessorImpl.invoke(NativeMethodAccessorImpl.java:77)
at java.base/jdk.internal.reflect.DelegatingMethodAccessorImpl.invoke(DelegatingMethodAccessorImpl.java:43)
at java.base/java.lang.reflect.Method.invoke(Method.java:568)
at org.testng.internal.invokers.MethodInvocationHelper.invokeMethod(MethodInvocationHelper.java:139)
at org.testng.internal.invokers.TestInvoker.invokeMethod(TestInvoker.java:664)
at org.testng.internal.invokers.TestInvoker.invokeTestMethod(TestInvoker.java:228)
at org.testng.internal.invokers.MethodRunner.runInSequence(MethodRunner.java:63)
at org.testng.internal.invokers.TestInvoker$MethodInvocationAgent.invoke(TestInvoker.java:961)
at org.testng.internal.invokers.TestInvoker.invokeTestMethods(TestInvoker.java:201)
at org.testng.internal.invokers.TestMethodWorker.invokeTestMethods(TestMethodWorker.java:148)
at org.testng.internal.invokers.TestMethodWorker.run(TestMethodWorker.java:128)
at java.base/java.util.ArrayList.forEach(ArrayList.java:1511)
at org.testng.TestRunner.privateRun(TestRunner.java:819)
at org.testng.TestRunner.run(TestRunner.java:619)
at org.testng.SuiteRunner.runTest(SuiteRunner.java:443)
at org.testng.SuiteRunner.runSequentially(SuiteRunner.java:437)
at org.testng.SuiteRunner.privateRun(SuiteRunner.java:397)
at org.testng.SuiteRunner.run(SuiteRunner.java:336)
at org.testng.SuiteRunnerWorker.runSuite(SuiteRunnerWorker.java:52)
at org.testng.SuiteRunnerWorker.run(SuiteRunnerWorker.java:95)
at org.testng.TestNG.runSuitesSequentially(TestNG.java:1301)
at org.testng.TestNG.runSuitesLocally(TestNG.java:1228)
at org.testng.TestNG.runSuites(TestNG.java:1134)
at org.testng.TestNG.run(TestNG.java:1101)
at org.testng.remote.AbstractRemoteTestNG.run(AbstractRemoteTestNG.java:115)
at org.testng.remote.RemoteTestNG.initAndRun(RemoteTestNG.java:293)
at org.testng.remote.RemoteTestNG.main(RemoteTestNG.java:91)
]]>
    </failure>
  </testcase> <!-- verifyCancelButtonFromCheckoutOverview -->
</testsuite> <!-- com.sauce.tests.CheckoutTest -->
